  C:\Users\38068\OneDrive\??????? ????\Pacman\\SFML-2.5.1\bin\openal32.dll
  C:\Users\38068\OneDrive\??????? ????\Pacman\\SFML-2.5.1\bin\sfml-audio-2.dll
  C:\Users\38068\OneDrive\??????? ????\Pacman\\SFML-2.5.1\bin\sfml-audio-d-2.dll
  C:\Users\38068\OneDrive\??????? ????\Pacman\\SFML-2.5.1\bin\sfml-graphics-2.dll
  C:\Users\38068\OneDrive\??????? ????\Pacman\\SFML-2.5.1\bin\sfml-graphics-d-2.dll
  C:\Users\38068\OneDrive\??????? ????\Pacman\\SFML-2.5.1\bin\sfml-network-2.dll
  C:\Users\38068\OneDrive\??????? ????\Pacman\\SFML-2.5.1\bin\sfml-network-d-2.dll
  C:\Users\38068\OneDrive\??????? ????\Pacman\\SFML-2.5.1\bin\sfml-system-2.dll
  C:\Users\38068\OneDrive\??????? ????\Pacman\\SFML-2.5.1\bin\sfml-system-d-2.dll
  C:\Users\38068\OneDrive\??????? ????\Pacman\\SFML-2.5.1\bin\sfml-window-2.dll
  C:\Users\38068\OneDrive\??????? ????\Pacman\\SFML-2.5.1\bin\sfml-window-d-2.dll
  11 File(s) copied
  GameOverState.cpp
  MainMenuState.cpp
C:\Users\38068\OneDrive\Робочий стіл\Pacman\Src\Tile.h(12,25): warning C4244: 'return': conversion from 'double' to 'int', possible loss of data
  GameState.cpp
C:\Users\38068\OneDrive\Робочий стіл\Pacman\Src\Tile.h(12,25): warning C4244: 'return': conversion from 'double' to 'int', possible loss of data
  AudioManager.cpp
C:\Users\38068\OneDrive\Робочий стіл\Pacman\Src\Audio\AudioManager.cpp(36,35): warning C4244: 'argument': conversion from 'int' to 'float', possible loss of data
C:\Users\38068\OneDrive\Робочий стіл\Pacman\Src\Audio\AudioManager.cpp(41,33): warning C4244: 'argument': conversion from 'int' to 'float', possible loss of data
C:\Users\38068\OneDrive\Робочий стіл\Pacman\Src\Audio\AudioManager.cpp(46,30): warning C4244: 'argument': conversion from 'int' to 'float', possible loss of data
C:\Users\38068\OneDrive\Робочий стіл\Pacman\Src\Audio\AudioManager.cpp(51,30): warning C4244: 'argument': conversion from 'int' to 'float', possible loss of data
C:\Users\38068\OneDrive\Робочий стіл\Pacman\Src\Audio\AudioManager.cpp(56,34): warning C4244: 'argument': conversion from 'int' to 'float', possible loss of data
C:\Users\38068\OneDrive\Робочий стіл\Pacman\Src\Audio\AudioManager.cpp(61,30): warning C4244: 'argument': conversion from 'int' to 'float', possible loss of data
C:\Users\38068\OneDrive\Робочий стіл\Pacman\Src\Audio\AudioManager.cpp(66,35): warning C4244: 'argument': conversion from 'int' to 'float', possible loss of data
  Clyde.cpp
C:\Users\38068\OneDrive\Робочий стіл\Pacman\Src\Tile.h(12,25): warning C4244: 'return': conversion from 'double' to 'int', possible loss of data
  Inky.cpp
C:\Users\38068\OneDrive\Робочий стіл\Pacman\Src\Tile.h(12,25): warning C4244: 'return': conversion from 'double' to 'int', possible loss of data
C:\Users\38068\OneDrive\Робочий стіл\Pacman\Src\Entity\Enemy\Inky.cpp(35,2): warning C4060: switch statement contains no 'case' or 'default' labels
C:\Users\38068\OneDrive\Робочий стіл\Pacman\Src\Entity\Enemy\Inky.cpp(23,4): warning C4102: 'Up': unreferenced label
C:\Users\38068\OneDrive\Робочий стіл\Pacman\Src\Entity\Enemy\Inky.cpp(26,6): warning C4102: 'Down': unreferenced label
C:\Users\38068\OneDrive\Робочий стіл\Pacman\Src\Entity\Enemy\Inky.cpp(29,6): warning C4102: 'Left': unreferenced label
C:\Users\38068\OneDrive\Робочий стіл\Pacman\Src\Entity\Enemy\Inky.cpp(32,7): warning C4102: 'Right': unreferenced label
  Pinky.cpp
C:\Users\38068\OneDrive\Робочий стіл\Pacman\Src\Tile.h(12,25): warning C4244: 'return': conversion from 'double' to 'int', possible loss of data
  Blinky.cpp
C:\Users\38068\OneDrive\Робочий стіл\Pacman\Src\Tile.h(12,25): warning C4244: 'return': conversion from 'double' to 'int', possible loss of data
  Debug.cpp
C:\Users\38068\OneDrive\Робочий стіл\Pacman\Src\Tile.h(12,25): warning C4244: 'return': conversion from 'double' to 'int', possible loss of data
  Enemy.cpp
C:\Users\38068\OneDrive\Робочий стіл\Pacman\Src\Tile.h(12,25): warning C4244: 'return': conversion from 'double' to 'int', possible loss of data
C:\Users\38068\OneDrive\Робочий стіл\Pacman\Src\Entity\Enemy\Enemy.cpp(27,28): warning C4244: 'argument': conversion from 'T' to 'T', possible loss of data
          with
          [
              T=int
          ]
          and
          [
              T=float
          ]
  Pathfinding.cpp
C:\Users\38068\OneDrive\Робочий стіл\Pacman\Src\Tile.h(12,25): warning C4244: 'return': conversion from 'double' to 'int', possible loss of data
  Animation.cpp
  Animator.cpp
  Entity.cpp
C:\Users\38068\OneDrive\Робочий стіл\Pacman\Src\Tile.h(12,25): warning C4244: 'return': conversion from 'double' to 'int', possible loss of data
  GameManager.cpp
  main.cpp
  Pacman.cpp
C:\Users\38068\OneDrive\Робочий стіл\Pacman\Src\Tile.h(12,25): warning C4244: 'return': conversion from 'double' to 'int', possible loss of data
C:\Users\38068\OneDrive\Робочий стіл\Pacman\Src\Entity\Pacman\Pacman.cpp(24,28): warning C4244: 'argument': conversion from 'int' to 'T', possible loss of data
          with
          [
              T=float
          ]
  Snack.cpp
C:\Users\38068\OneDrive\Робочий стіл\Pacman\Src\Tile.h(12,25): warning C4244: 'return': conversion from 'double' to 'int', possible loss of data
  State.cpp
  Button.cpp
  Generating Code...
C:\Users\38068\OneDrive\Робочий стіл\Pacman\Src\Audio\AudioManager.cpp(136): warning C4715: 'AudioManager::IsPlayingAudio': not all control paths return a value
  0 File(s) copied
  Pacman-Clone.vcxproj -> C:\Users\38068\OneDrive\Робочий стіл\Pacman\x64\Debug\Pacman-Clone.exe
  0 File(s) copied
